[2024-08-12T02:15:10.170+0000] {local_task_job_runner.py:120} INFO - ::group::Pre task execution logs
[2024-08-12T02:15:10.194+0000] {taskinstance.py:2076} INFO - Dependencies all met for dep_context=non-requeueable deps ti=<TaskInstance: weather.import_weather_data_to_csv scheduled__2024-08-12T00:58:00+00:00 [queued]>
[2024-08-12T02:15:10.197+0000] {taskinstance.py:2076} INFO - Dependencies all met for dep_context=requeueable deps ti=<TaskInstance: weather.import_weather_data_to_csv scheduled__2024-08-12T00:58:00+00:00 [queued]>
[2024-08-12T02:15:10.197+0000] {taskinstance.py:2306} INFO - Starting attempt 1 of 2
[2024-08-12T02:15:10.204+0000] {taskinstance.py:2330} INFO - Executing <Task(BashOperator): import_weather_data_to_csv> on 2024-08-12 00:58:00+00:00
[2024-08-12T02:15:10.222+0000] {warnings.py:112} WARNING - /home/***/.local/lib/python3.12/site-packages/***/task/task_runner/standard_task_runner.py:62: DeprecationWarning: This process (pid=212) is multi-threaded, use of fork() may lead to deadlocks in the child.
  pid = os.fork()

[2024-08-12T02:15:10.227+0000] {standard_task_runner.py:64} INFO - Started process 214 to run task
[2024-08-12T02:15:10.223+0000] {standard_task_runner.py:90} INFO - Running: ['***', 'tasks', 'run', 'weather', 'import_weather_data_to_csv', 'scheduled__2024-08-12T00:58:00+00:00', '--job-id', '133', '--raw', '--subdir', 'DAGS_FOLDER/weather_dag.py', '--cfg-path', '/tmp/tmpokicvh0w']
[2024-08-12T02:15:10.229+0000] {standard_task_runner.py:91} INFO - Job 133: Subtask import_weather_data_to_csv
[2024-08-12T02:15:10.259+0000] {task_command.py:426} INFO - Running <TaskInstance: weather.import_weather_data_to_csv scheduled__2024-08-12T00:58:00+00:00 [running]> on host b0294fd9f5f9
[2024-08-12T02:15:10.303+0000] {taskinstance.py:2648} INFO - Exporting env vars: AIRFLOW_CTX_DAG_OWNER='***' AIRFLOW_CTX_DAG_ID='weather' AIRFLOW_CTX_TASK_ID='import_weather_data_to_csv' AIRFLOW_CTX_EXECUTION_DATE='2024-08-12T00:58:00+00:00' AIRFLOW_CTX_TRY_NUMBER='1' AIRFLOW_CTX_DAG_RUN_ID='scheduled__2024-08-12T00:58:00+00:00'
[2024-08-12T02:15:10.305+0000] {taskinstance.py:430} INFO - ::endgroup::
[2024-08-12T02:15:10.306+0000] {subprocess.py:63} INFO - Tmp dir root location: /tmp
[2024-08-12T02:15:10.307+0000] {subprocess.py:75} INFO - Running command: ['/usr/bin/bash', '-c', 'python /opt/***/dags/weather_data_ingestion.py --date 2024-08-12']
[2024-08-12T02:15:10.317+0000] {subprocess.py:86} INFO - Output:
[2024-08-12T02:15:14.088+0000] {subprocess.py:97} INFO - Command exited with return code 0
[2024-08-12T02:15:14.094+0000] {taskinstance.py:441} INFO - ::group::Post task execution logs
[2024-08-12T02:15:14.125+0000] {taskinstance.py:1206} INFO - Marking task as SUCCESS. dag_id=weather, task_id=import_weather_data_to_csv, run_id=scheduled__2024-08-12T00:58:00+00:00, execution_date=20240812T005800, start_date=20240812T021510, end_date=20240812T021514
[2024-08-12T02:15:14.183+0000] {local_task_job_runner.py:243} INFO - Task exited with return code 0
[2024-08-12T02:15:14.210+0000] {taskinstance.py:3503} INFO - 1 downstream tasks scheduled from follow-on schedule check
[2024-08-12T02:15:14.211+0000] {local_task_job_runner.py:222} INFO - ::endgroup::
