[2024-08-11T05:33:39.471+0000] {local_task_job_runner.py:120} INFO - ::group::Pre task execution logs
[2024-08-11T05:33:39.491+0000] {taskinstance.py:2076} INFO - Dependencies all met for dep_context=non-requeueable deps ti=<TaskInstance: weather.import_weather_data_to_csv manual__2024-08-11T05:33:34.192158+00:00 [queued]>
[2024-08-11T05:33:39.497+0000] {taskinstance.py:2076} INFO - Dependencies all met for dep_context=requeueable deps ti=<TaskInstance: weather.import_weather_data_to_csv manual__2024-08-11T05:33:34.192158+00:00 [queued]>
[2024-08-11T05:33:39.498+0000] {taskinstance.py:2306} INFO - Starting attempt 1 of 2
[2024-08-11T05:33:39.520+0000] {taskinstance.py:2330} INFO - Executing <Task(BashOperator): import_weather_data_to_csv> on 2024-08-11 05:33:34.192158+00:00
[2024-08-11T05:33:39.547+0000] {warnings.py:112} WARNING - /home/***/.local/lib/python3.12/site-packages/***/task/task_runner/standard_task_runner.py:62: DeprecationWarning: This process (pid=2876) is multi-threaded, use of fork() may lead to deadlocks in the child.
  pid = os.fork()

[2024-08-11T05:33:39.550+0000] {standard_task_runner.py:64} INFO - Started process 2886 to run task
[2024-08-11T05:33:39.554+0000] {standard_task_runner.py:90} INFO - Running: ['***', 'tasks', 'run', 'weather', 'import_weather_data_to_csv', 'manual__2024-08-11T05:33:34.192158+00:00', '--job-id', '17', '--raw', '--subdir', 'DAGS_FOLDER/weather_dag.py', '--cfg-path', '/tmp/tmpnt9kqq1k']
[2024-08-11T05:33:39.568+0000] {standard_task_runner.py:91} INFO - Job 17: Subtask import_weather_data_to_csv
[2024-08-11T05:33:39.652+0000] {task_command.py:426} INFO - Running <TaskInstance: weather.import_weather_data_to_csv manual__2024-08-11T05:33:34.192158+00:00 [running]> on host a904838c11ba
[2024-08-11T05:33:39.860+0000] {taskinstance.py:2648} INFO - Exporting env vars: AIRFLOW_CTX_DAG_OWNER='***' AIRFLOW_CTX_DAG_ID='weather' AIRFLOW_CTX_TASK_ID='import_weather_data_to_csv' AIRFLOW_CTX_EXECUTION_DATE='2024-08-11T05:33:34.192158+00:00' AIRFLOW_CTX_TRY_NUMBER='1' AIRFLOW_CTX_DAG_RUN_ID='manual__2024-08-11T05:33:34.192158+00:00'
[2024-08-11T05:33:39.866+0000] {taskinstance.py:430} INFO - ::endgroup::
[2024-08-11T05:33:39.867+0000] {subprocess.py:63} INFO - Tmp dir root location: /tmp
[2024-08-11T05:33:39.870+0000] {subprocess.py:75} INFO - Running command: ['/usr/bin/bash', '-c', 'python /opt/***/dags/weather_data_ingestion.py --date 2024-08-11']
[2024-08-11T05:33:39.910+0000] {subprocess.py:86} INFO - Output:
[2024-08-11T05:33:40.824+0000] {subprocess.py:93} INFO - Traceback (most recent call last):
[2024-08-11T05:33:40.831+0000] {subprocess.py:93} INFO -   File "/opt/***/dags/weather_data_ingestion.py", line 2, in <module>
[2024-08-11T05:33:40.833+0000] {subprocess.py:93} INFO -     import openmeteo_requests
[2024-08-11T05:33:40.835+0000] {subprocess.py:93} INFO - ModuleNotFoundError: No module named 'openmeteo_requests'
[2024-08-11T05:33:40.844+0000] {subprocess.py:97} INFO - Command exited with return code 1
[2024-08-11T05:33:40.846+0000] {taskinstance.py:441} INFO - ::group::Post task execution logs
[2024-08-11T05:33:40.875+0000] {taskinstance.py:2905} ERROR - Task failed with exception
Traceback (most recent call last):
  File "/home/airflow/.local/lib/python3.12/site-packages/airflow/models/taskinstance.py", line 465, in _execute_task
    result = _execute_callable(context=context, **execute_callable_kwargs)
             ^^^^^^^^^^^^^^^^^^^^^^^^^^^^^^^^^^^^^^^^^^^^^^^^^^^^^^^^^^^^^
  File "/home/airflow/.local/lib/python3.12/site-packages/airflow/models/taskinstance.py", line 432, in _execute_callable
    return execute_callable(context=context, **execute_callable_kwargs)
           ^^^^^^^^^^^^^^^^^^^^^^^^^^^^^^^^^^^^^^^^^^^^^^^^^^^^^^^^^^^^
  File "/home/airflow/.local/lib/python3.12/site-packages/airflow/models/baseoperator.py", line 401, in wrapper
    return func(self, *args, **kwargs)
           ^^^^^^^^^^^^^^^^^^^^^^^^^^^
  File "/home/airflow/.local/lib/python3.12/site-packages/airflow/operators/bash.py", line 243, in execute
    raise AirflowException(
airflow.exceptions.AirflowException: Bash command failed. The command returned a non-zero exit code 1.
[2024-08-11T05:33:40.884+0000] {taskinstance.py:1206} INFO - Marking task as UP_FOR_RETRY. dag_id=weather, task_id=import_weather_data_to_csv, run_id=manual__2024-08-11T05:33:34.192158+00:00, execution_date=20240811T053334, start_date=20240811T053339, end_date=20240811T053340
[2024-08-11T05:33:40.907+0000] {standard_task_runner.py:110} ERROR - Failed to execute job 17 for task import_weather_data_to_csv (Bash command failed. The command returned a non-zero exit code 1.; 2886)
[2024-08-11T05:33:40.942+0000] {local_task_job_runner.py:243} INFO - Task exited with return code 1
[2024-08-11T05:33:40.984+0000] {taskinstance.py:3503} INFO - 0 downstream tasks scheduled from follow-on schedule check
[2024-08-11T05:33:40.985+0000] {local_task_job_runner.py:222} INFO - ::endgroup::
