[2024-08-12T17:58:22.341+0000] {local_task_job_runner.py:120} INFO - ::group::Pre task execution logs
[2024-08-12T17:58:22.360+0000] {taskinstance.py:2076} INFO - Dependencies all met for dep_context=non-requeueable deps ti=<TaskInstance: weather.export_data_to_db scheduled__2024-08-12T16:58:00+00:00 [queued]>
[2024-08-12T17:58:22.364+0000] {taskinstance.py:2076} INFO - Dependencies all met for dep_context=requeueable deps ti=<TaskInstance: weather.export_data_to_db scheduled__2024-08-12T16:58:00+00:00 [queued]>
[2024-08-12T17:58:22.364+0000] {taskinstance.py:2306} INFO - Starting attempt 1 of 2
[2024-08-12T17:58:22.370+0000] {taskinstance.py:2330} INFO - Executing <Task(BashOperator): export_data_to_db> on 2024-08-12 16:58:00+00:00
[2024-08-12T17:58:22.377+0000] {warnings.py:112} WARNING - /home/***/.local/lib/python3.12/site-packages/***/task/task_runner/standard_task_runner.py:62: DeprecationWarning: This process (pid=5105) is multi-threaded, use of fork() may lead to deadlocks in the child.
  pid = os.fork()

[2024-08-12T17:58:22.380+0000] {standard_task_runner.py:64} INFO - Started process 5107 to run task
[2024-08-12T17:58:22.379+0000] {standard_task_runner.py:90} INFO - Running: ['***', 'tasks', 'run', 'weather', 'export_data_to_db', 'scheduled__2024-08-12T16:58:00+00:00', '--job-id', '175', '--raw', '--subdir', 'DAGS_FOLDER/weather_dag.py', '--cfg-path', '/tmp/tmpemgvvuho']
[2024-08-12T17:58:22.384+0000] {standard_task_runner.py:91} INFO - Job 175: Subtask export_data_to_db
[2024-08-12T17:58:22.441+0000] {task_command.py:426} INFO - Running <TaskInstance: weather.export_data_to_db scheduled__2024-08-12T16:58:00+00:00 [running]> on host b0294fd9f5f9
[2024-08-12T17:58:22.497+0000] {taskinstance.py:2648} INFO - Exporting env vars: AIRFLOW_CTX_DAG_OWNER='***' AIRFLOW_CTX_DAG_ID='weather' AIRFLOW_CTX_TASK_ID='export_data_to_db' AIRFLOW_CTX_EXECUTION_DATE='2024-08-12T16:58:00+00:00' AIRFLOW_CTX_TRY_NUMBER='1' AIRFLOW_CTX_DAG_RUN_ID='scheduled__2024-08-12T16:58:00+00:00'
[2024-08-12T17:58:22.502+0000] {taskinstance.py:430} INFO - ::endgroup::
[2024-08-12T17:58:22.503+0000] {subprocess.py:63} INFO - Tmp dir root location: /tmp
[2024-08-12T17:58:22.504+0000] {subprocess.py:75} INFO - Running command: ['/usr/bin/bash', '-c', 'python /opt/***/dags/weather_to_db.py --date 2024-08-12 --connection postgresql+psycopg2://***:***@postgres/***']
[2024-08-12T17:58:22.511+0000] {subprocess.py:86} INFO - Output:
[2024-08-12T17:58:29.216+0000] {subprocess.py:97} INFO - Command exited with return code 0
[2024-08-12T17:58:29.250+0000] {taskinstance.py:441} INFO - ::group::Post task execution logs
[2024-08-12T17:58:29.377+0000] {taskinstance.py:1206} INFO - Marking task as SUCCESS. dag_id=weather, task_id=export_data_to_db, run_id=scheduled__2024-08-12T16:58:00+00:00, execution_date=20240812T165800, start_date=20240812T175822, end_date=20240812T175829
[2024-08-12T17:58:29.468+0000] {local_task_job_runner.py:243} INFO - Task exited with return code 0
[2024-08-12T17:58:29.535+0000] {taskinstance.py:3503} INFO - 0 downstream tasks scheduled from follow-on schedule check
[2024-08-12T17:58:29.537+0000] {local_task_job_runner.py:222} INFO - ::endgroup::
